{"C:\\Users\\patil\\Desktop\\React_namaste\\namaste-react-tutorial\\Episode 13\\src\\components\\Contact.js": {"path":"C:\\Users\\patil\\Desktop\\React_namaste\\namaste-react-tutorial\\Episode 13\\src\\components\\Contact.js","statementMap":{"0":{"start":{"line":1,"column":17},"end":{"line":25,"column":1}},"1":{"start":{"line":2,"column":2},"end":{"line":24,"column":4}}},"fnMap":{"0":{"name":"(anonymous_0)","decl":{"start":{"line":1,"column":17},"end":{"line":1,"column":18}},"loc":{"start":{"line":1,"column":23},"end":{"line":25,"column":1}},"line":1}},"branchMap":{},"s":{"0":1,"1":4},"f":{"0":4},"b":{},"_coverageSchema":"1a1c01bbd47fc00a2c39e90264f33305004495a9","hash":"f8bca6eaa4c45c8b71b3cc66ad7a6fa115524216"}
,"C:\\Users\\patil\\Desktop\\React_namaste\\namaste-react-tutorial\\Episode 13\\src\\components\\sum.js": {"path":"C:\\Users\\patil\\Desktop\\React_namaste\\namaste-react-tutorial\\Episode 13\\src\\components\\sum.js","statementMap":{"0":{"start":{"line":1,"column":19},"end":{"line":3,"column":1}},"1":{"start":{"line":2,"column":4},"end":{"line":2,"column":17}}},"fnMap":{"0":{"name":"(anonymous_0)","decl":{"start":{"line":1,"column":19},"end":{"line":1,"column":20}},"loc":{"start":{"line":1,"column":28},"end":{"line":3,"column":1}},"line":1}},"branchMap":{},"s":{"0":1,"1":1},"f":{"0":1},"b":{},"_coverageSchema":"1a1c01bbd47fc00a2c39e90264f33305004495a9","hash":"0f7594a9aadff0b2f56eb5f939747929b1d00289"}
}
